<?xml version="1.0" encoding="UTF-8"?>
<!-- Generated by org.testng.reporters.JUnitReportReporter -->
<testsuite skipped="0" hostname="ashok" name="com.app.tests.CurrencyConverter" tests="1" failures="0" timestamp="28 Sep 2019 18:51:14 GMT" time="13.719" errors="0">
  <testcase name="FilpKart_Locas_Test" time="13.719" classname="com.app.tests.CurrencyConverter"/>
</testsuite> <!-- com.app.tests.CurrencyConverter -->
