<?xml version="1.0" encoding="UTF-8"?>
<!-- Generated by org.testng.reporters.JUnitReportReporter -->
<testsuite skipped="0" hostname="ashok_kumar" name="com.app.tests.FilpKartTests" tests="1" failures="0" timestamp="30 Sep 2019 11:48:23 GMT" time="19.436" errors="0">
  <testcase name="flipkartLocusTest" time="19.436" classname="com.app.tests.FilpKartTests"/>
</testsuite> <!-- com.app.tests.FilpKartTests -->
