<?xml version="1.0" encoding="UTF-8"?>
<!-- Generated by org.testng.reporters.JUnitReportReporter -->
<testsuite skipped="0" hostname="ashok_kumar" name="com.app.tests.FilpKart" tests="1" failures="0" timestamp="30 Sep 2019 09:57:48 GMT" time="13.285" errors="0">
  <testcase name="FilpKart_Locas_Test" time="13.285" classname="com.app.tests.FilpKart"/>
</testsuite> <!-- com.app.tests.FilpKart -->
